<?xml version="1.0" encoding="UTF-8"?>
<testng-results skipped="0" failed="1" ignored="0" total="4" passed="3">
  <reporter-output>
  </reporter-output>
  <suite name="Suite" duration-ms="93799" started-at="2019-09-22T11:56:27Z" finished-at="2019-09-22T11:58:01Z">
    <groups>
    </groups>
    <test name="Cruise" duration-ms="35823" started-at="2019-09-22T11:56:27Z" finished-at="2019-09-22T11:57:03Z">
      <class name="com.OnlineTravel.Cruise_Travel">
        <test-method status="PASS" signature="Opening_Page()[pri:0, instance:com.OnlineTravel.Cruise_Travel@70e8f8e]" name="Opening_Page" is-config="true" duration-ms="17328" started-at="2019-09-22T11:56:27Z" finished-at="2019-09-22T11:56:45Z">
          <reporter-output>
          </reporter-output>
        </test-method> <!-- Opening_Page -->
        <test-method status="PASS" signature="Cruise_Travel()[pri:0, instance:com.OnlineTravel.Cruise_Travel@70e8f8e]" name="Cruise_Travel" duration-ms="1774" started-at="2019-09-22T11:56:45Z" finished-at="2019-09-22T11:56:47Z">
          <reporter-output>
          </reporter-output>
        </test-method> <!-- Cruise_Travel -->
        <test-method status="FAIL" signature="Singapore_malaysia()[pri:0, instance:com.OnlineTravel.Cruise_Travel@70e8f8e]" name="Singapore_malaysia" duration-ms="11962" started-at="2019-09-22T11:56:47Z" depends-on-methods="com.OnlineTravel.Cruise_Travel.Cruise_Travel" finished-at="2019-09-22T11:56:58Z">
          <exception class="java.lang.AssertionError">
            <message>
              <![CDATA[expected [21000] but found [20000]]]>
            </message>
            <full-stacktrace>
              <![CDATA[java.lang.AssertionError: expected [21000] but found [20000]
at org.testng.Assert.fail(Assert.java:96)
at org.testng.Assert.failNotEquals(Assert.java:776)
at org.testng.Assert.assertEqualsImpl(Assert.java:137)
at org.testng.Assert.assertEquals(Assert.java:118)
at org.testng.Assert.assertEquals(Assert.java:652)
at org.testng.Assert.assertEquals(Assert.java:662)
at com.OnlineTravel.Cruise_Travel.Singapore_malaysia(Cruise_Travel.java:74)
at sun.reflect.NativeMethodAccessorImpl.invoke0(Native Method)
at sun.reflect.NativeMethodAccessorImpl.invoke(Unknown Source)
at sun.reflect.DelegatingMethodAccessorImpl.invoke(Unknown Source)
at java.lang.reflect.Method.invoke(Unknown Source)
at org.testng.internal.MethodInvocationHelper.invokeMethod(MethodInvocationHelper.java:124)
at org.testng.internal.Invoker.invokeMethod(Invoker.java:583)
at org.testng.internal.Invoker.invokeTestMethod(Invoker.java:719)
at org.testng.internal.Invoker.invokeTestMethods(Invoker.java:989)
at org.testng.internal.TestMethodWorker.invokeTestMethods(TestMethodWorker.java:125)
at org.testng.internal.TestMethodWorker.run(TestMethodWorker.java:109)
at org.testng.TestRunner.privateRun(TestRunner.java:648)
at org.testng.TestRunner.run(TestRunner.java:505)
at org.testng.SuiteRunner.runTest(SuiteRunner.java:455)
at org.testng.SuiteRunner.runSequentially(SuiteRunner.java:450)
at org.testng.SuiteRunner.privateRun(SuiteRunner.java:415)
at org.testng.SuiteRunner.run(SuiteRunner.java:364)
at org.testng.SuiteRunnerWorker.runSuite(SuiteRunnerWorker.java:52)
at org.testng.SuiteRunnerWorker.run(SuiteRunnerWorker.java:84)
at org.testng.TestNG.runSuitesSequentially(TestNG.java:1208)
at org.testng.TestNG.runSuitesLocally(TestNG.java:1137)
at org.testng.TestNG.runSuites(TestNG.java:1049)
at org.testng.TestNG.run(TestNG.java:1017)
at org.testng.remote.AbstractRemoteTestNG.run(AbstractRemoteTestNG.java:115)
at org.testng.remote.RemoteTestNG.initAndRun(RemoteTestNG.java:251)
at org.testng.remote.RemoteTestNG.main(RemoteTestNG.java:77)
]]>
            </full-stacktrace>
          </exception> <!-- java.lang.AssertionError -->
          <reporter-output>
          </reporter-output>
        </test-method> <!-- Singapore_malaysia -->
        <test-method status="PASS" signature="Closing_Browser()[pri:0, instance:com.OnlineTravel.Cruise_Travel@70e8f8e]" name="Closing_Browser" is-config="true" duration-ms="4086" started-at="2019-09-22T11:56:59Z" finished-at="2019-09-22T11:57:03Z">
          <reporter-output>
          </reporter-output>
        </test-method> <!-- Closing_Browser -->
      </class> <!-- com.OnlineTravel.Cruise_Travel -->
    </test> <!-- Cruise -->
    <test name="Flight" duration-ms="38242" started-at="2019-09-22T11:57:03Z" finished-at="2019-09-22T11:57:42Z">
      <class name="com.OnlineTravel.Yatra_Auomation_01">
        <test-method status="PASS" signature="Opening_Page()[pri:0, instance:com.OnlineTravel.Yatra_Auomation_01@1725dc0f]" name="Opening_Page" is-config="true" duration-ms="16535" started-at="2019-09-22T11:57:03Z" finished-at="2019-09-22T11:57:20Z">
          <reporter-output>
          </reporter-output>
        </test-method> <!-- Opening_Page -->
        <test-method status="PASS" signature="Flight_Count()[pri:0, instance:com.OnlineTravel.Yatra_Auomation_01@1725dc0f]" name="Flight_Count" duration-ms="17385" started-at="2019-09-22T11:57:20Z" finished-at="2019-09-22T11:57:37Z">
          <reporter-output>
          </reporter-output>
        </test-method> <!-- Flight_Count -->
        <test-method status="PASS" signature="Browser_Close()[pri:0, instance:com.OnlineTravel.Yatra_Auomation_01@1725dc0f]" name="Browser_Close" is-config="true" duration-ms="4319" started-at="2019-09-22T11:57:37Z" finished-at="2019-09-22T11:57:42Z">
          <reporter-output>
          </reporter-output>
        </test-method> <!-- Browser_Close -->
      </class> <!-- com.OnlineTravel.Yatra_Auomation_01 -->
    </test> <!-- Flight -->
    <test name="Train" duration-ms="19634" started-at="2019-09-22T11:57:42Z" finished-at="2019-09-22T11:58:01Z">
      <class name="com.OnlineTravel.Train">
        <test-method status="PASS" signature="Opening_Page()[pri:0, instance:com.OnlineTravel.Train@4f209819]" name="Opening_Page" is-config="true" duration-ms="11735" started-at="2019-09-22T11:57:42Z" finished-at="2019-09-22T11:57:53Z">
          <reporter-output>
          </reporter-output>
        </test-method> <!-- Opening_Page -->
        <test-method status="PASS" signature="Train_Travel()[pri:0, instance:com.OnlineTravel.Train@4f209819]" name="Train_Travel" duration-ms="7896" started-at="2019-09-22T11:57:53Z" finished-at="2019-09-22T11:58:01Z">
          <reporter-output>
          </reporter-output>
        </test-method> <!-- Train_Travel -->
      </class> <!-- com.OnlineTravel.Train -->
    </test> <!-- Train -->
  </suite> <!-- Suite -->
</testng-results>
